Using pre-set license
Built from '2023.2/staging' branch; Version is '2023.2.18f1 (1cb755715f58) revision 1881941'; Using compiler version '193431935'; Build Type 'Release'
OS: 'Windows 10  (10.0.19043) 64bit Professional' Language: 'ru' Physical Memory: 8119 MB
BatchMode: 1, IsHumanControllingUs: 0, StartBugReporterOnCrash: 0, Is64bit: 1, IsPro: 1

COMMAND LINE ARGUMENTS:
C:\Program Files\Unity\Hub\Editor\2023.2.18f1\Editor\Unity.exe
-adb2
-batchMode
-noUpm
-name
AssetImportWorker0
-projectPath
D:/GitHub/DoubleWay/DoubleWay
-logFile
Logs/AssetImportWorker0.log
-srvPort
53973
-job-worker-count
1
-background-job-worker-count
8
-asset-garbage-collectors
1
Successfully changed project path to: D:/GitHub/DoubleWay/DoubleWay
D:/GitHub/DoubleWay/DoubleWay
[UnityMemory] Configuration Parameters - Can be set up in boot.config
    "memorysetup-bucket-allocator-granularity=16"
    "memorysetup-bucket-allocator-bucket-count=8"
    "memorysetup-bucket-allocator-block-size=33554432"
    "memorysetup-bucket-allocator-block-count=8"
    "memorysetup-main-allocator-block-size=16777216"
    "memorysetup-thread-allocator-block-size=16777216"
    "memorysetup-gfx-main-allocator-block-size=16777216"
    "memorysetup-gfx-thread-allocator-block-size=16777216"
    "memorysetup-cache-allocator-block-size=4194304"
    "memorysetup-typetree-allocator-block-size=2097152"
    "memorysetup-profiler-bucket-allocator-granularity=16"
    "memorysetup-profiler-bucket-allocator-bucket-count=8"
    "memorysetup-profiler-bucket-allocator-block-size=33554432"
    "memorysetup-profiler-bucket-allocator-block-count=8"
    "memorysetup-profiler-allocator-block-size=16777216"
    "memorysetup-profiler-editor-allocator-block-size=1048576"
    "memorysetup-temp-allocator-size-main=16777216"
    "memorysetup-job-temp-allocator-block-size=2097152"
    "memorysetup-job-temp-allocator-block-size-background=1048576"
    "memorysetup-job-temp-allocator-reduction-small-platforms=262144"
    "memorysetup-allocator-temp-initial-block-size-main=262144"
    "memorysetup-allocator-temp-initial-block-size-worker=262144"
    "memorysetup-temp-allocator-size-background-worker=32768"
    "memorysetup-temp-allocator-size-job-worker=262144"
    "memorysetup-temp-allocator-size-preload-manager=33554432"
    "memorysetup-temp-allocator-size-nav-mesh-worker=65536"
    "memorysetup-temp-allocator-size-audio-worker=65536"
    "memorysetup-temp-allocator-size-cloud-worker=32768"
    "memorysetup-temp-allocator-size-gi-baking-worker=262144"
    "memorysetup-temp-allocator-size-gi-baking-worker=262144"
    "memorysetup-temp-allocator-size-gi-baking-worker=262144"
    "memorysetup-temp-allocator-size-gi-baking-worker=262144"
    "memorysetup-temp-allocator-size-gfx=262144"
Player connection [5540] Host "[IP] 192.168.31.66 [Port] 0 [Flags] 2 [Guid] 953488118 [EditorId] 953488118 [Version] 1048832 [Id] WindowsEditor(7,DESKTOP-H7S9D9S) [Debug] 1 [PackageName] WindowsEditor [ProjectName] Editor" joined multi-casting on [225.0.0.222:54997]...
Player connection [5540] Host "[IP] 192.168.31.66 [Port] 0 [Flags] 2 [Guid] 953488118 [EditorId] 953488118 [Version] 1048832 [Id] WindowsEditor(7,DESKTOP-H7S9D9S) [Debug] 1 [PackageName] WindowsEditor [ProjectName] Editor" joined alternative multi-casting on [225.0.0.222:34997]...
JobSystem: Creating JobQueue using job-worker-count value 1
[Physics::Module] Initialized MultithreadedJobDispatcher with 1 workers.
Library Redirect Path: Library/
Refreshing native plugins compatible for Editor in 1.30 ms, found 3 plugins.
Preloading 0 native plugins for Editor in 0.00 ms.
Initialize engine version: 2023.2.18f1 (1cb755715f58)
[Subsystems] Discovering subsystems at path C:/Program Files/Unity/Hub/Editor/2023.2.18f1/Editor/Data/Resources/UnitySubsystems
[Subsystems] Discovering subsystems at path D:/GitHub/DoubleWay/DoubleWay/Assets
GfxDevice: creating device client; kGfxThreadingModeNonThreaded
Direct3D:
    Version:  Direct3D 11.0 [level 11.1]
    Renderer: NVIDIA GeForce RTX 3060 (ID=0x2487)
    Vendor:   NVIDIA
    VRAM:     12110 MB
    Driver:   31.0.15.5123
Initialize mono
Mono path[0] = 'C:/Program Files/Unity/Hub/Editor/2023.2.18f1/Editor/Data/Managed'
Mono path[1] = 'C:/Program Files/Unity/Hub/Editor/2023.2.18f1/Editor/Data/MonoBleedingEdge/lib/mono/unityjit-win32'
Mono config path = 'C:/Program Files/Unity/Hub/Editor/2023.2.18f1/Editor/Data/MonoBleedingEdge/etc'
Using monoOptions --debugger-agent=transport=dt_socket,embedding=1,server=y,suspend=n,address=127.0.0.1:56428
Begin MonoManager ReloadAssembly
C:\build\output\Unity-Technologies\mono\mono\metadata\icall.c:1842:
C:\build\output\Unity-Technologies\mono\mono\metadata\icall.c:1842:
C:\build\output\Unity-Technologies\mono\mono\metadata\icall.c:1842:
C:\build\output\Unity-Technologies\mono\mono\metadata\icall.c:1842:
C:\build\output\Unity-Technologies\mono\mono\metadata\icall.c:1842:
C:\build\output\Unity-Technologies\mono\mono\metadata\icall.c:1842:
C:\build\output\Unity-Technologies\mono\mono\metadata\icall.c:1842:
C:\build\output\Unity-Technologies\mono\mono\metadata\icall.c:1842:
C:\build\output\Unity-Technologies\mono\mono\metadata\icall.c:1842:
C:\build\output\Unity-Technologies\mono\mono\metadata\icall.c:1842:
Registering precompiled unity dll's ...
Register platform support module: C:/Program Files/Unity/Hub/Editor/2023.2.18f1/Editor/Data/PlaybackEngines/WebGLSupport/UnityEditor.WebGL.Extensions.dll
Register platform support module: C:/Program Files/Unity/Hub/Editor/2023.2.18f1/Editor/Data/PlaybackEngines/WindowsStandaloneSupport/UnityEditor.WindowsStandalone.Extensions.dll
Registered in 0.006424 seconds.
- Loaded All Assemblies, in  0.815 seconds
Native extension for WindowsStandalone target not found
Native extension for WebGL target not found
Mono: successfully reloaded assembly
C:\build\output\Unity-Technologies\mono\mono\metadata\icall.c:1842:
C:\build\output\Unity-Technologies\mono\mono\metadata\icall.c:1842:
- Finished resetting the current domain, in  0.802 seconds
Domain Reload Profiling: 1614ms
	BeginReloadAssembly (280ms)
		ExecutionOrderSort (0ms)
		DisableScriptedObjects (0ms)
		BackupInstance (0ms)
		ReleaseScriptingObjects (0ms)
		CreateAndSetChildDomain (2ms)
	RebuildCommonClasses (82ms)
	RebuildNativeTypeToScriptingClass (27ms)
	initialDomainReloadingComplete (105ms)
	LoadAllAssembliesAndSetupDomain (317ms)
		LoadAssemblies (276ms)
		RebuildTransferFunctionScriptingTraits (0ms)
		AnalyzeDomain (312ms)
			TypeCache.Refresh (310ms)
				TypeCache.ScanAssembly (285ms)
			BuildScriptInfoCaches (0ms)
			ResolveRequiredComponents (1ms)
	FinalizeReload (803ms)
		ReleaseScriptCaches (0ms)
		RebuildScriptCaches (0ms)
		SetupLoadedEditorAssemblies (689ms)
			LogAssemblyErrors (0ms)
			InitializePlatformSupportModulesInManaged (21ms)
			SetLoadedEditorAssemblies (11ms)
			BeforeProcessingInitializeOnLoad (15ms)
			ProcessInitializeOnLoadAttributes (545ms)
			ProcessInitializeOnLoadMethodAttributes (97ms)
			AfterProcessingInitializeOnLoad (0ms)
			EditorAssembliesLoaded (0ms)
		ExecutionOrderSort2 (0ms)
		AwakeInstancesAfterBackupRestoration (0ms)
========================================================================
Worker process is ready to serve import requests
Import Worker Mode flag is 0x00
Begin MonoManager ReloadAssembly
C:\build\output\Unity-Technologies\mono\mono\metadata\icall.c:1842:
C:\build\output\Unity-Technologies\mono\mono\metadata\icall.c:1842:
C:\build\output\Unity-Technologies\mono\mono\metadata\icall.c:1842:
C:\build\output\Unity-Technologies\mono\mono\metadata\icall.c:1842:
C:\build\output\Unity-Technologies\mono\mono\metadata\icall.c:1842:
C:\build\output\Unity-Technologies\mono\mono\metadata\icall.c:1842:
C:\build\output\Unity-Technologies\mono\mono\metadata\icall.c:1842:
C:\build\output\Unity-Technologies\mono\mono\metadata\icall.c:1842:
C:\build\output\Unity-Technologies\mono\mono\metadata\icall.c:1842:
C:\build\output\Unity-Technologies\mono\mono\metadata\icall.c:1842:
C:\build\output\Unity-Technologies\mono\mono\metadata\icall.c:1842:
C:\build\output\Unity-Technologies\mono\mono\metadata\icall.c:1842:
Symbol file LoadedFromMemory doesn't match image D:\GitHub\DoubleWay\DoubleWay\Library\PackageCache\com.unity.visualscripting@1.8.0\Editor\VisualScripting.Core\Dependencies\YamlDotNet\Unity.VisualScripting.YamlDotNet.dll
Symbol file LoadedFromMemory doesn't match image D:\GitHub\DoubleWay\DoubleWay\Library\PackageCache\com.unity.visualscripting@1.8.0\Editor\VisualScripting.Core\Dependencies\DotNetZip\Unity.VisualScripting.IonicZip.dll
- Loaded All Assemblies, in  1.598 seconds
Refreshing native plugins compatible for Editor in 0.80 ms, found 3 plugins.
Native extension for WindowsStandalone target not found
Native extension for WebGL target not found
Mono: successfully reloaded assembly
- Finished resetting the current domain, in  1.343 seconds
Domain Reload Profiling: 2939ms
	BeginReloadAssembly (728ms)
		ExecutionOrderSort (0ms)
		DisableScriptedObjects (12ms)
		BackupInstance (0ms)
		ReleaseScriptingObjects (0ms)
		CreateAndSetChildDomain (60ms)
	RebuildCommonClasses (75ms)
	RebuildNativeTypeToScriptingClass (25ms)
	initialDomainReloadingComplete (75ms)
	LoadAllAssembliesAndSetupDomain (692ms)
		LoadAssemblies (564ms)
		RebuildTransferFunctionScriptingTraits (0ms)
		AnalyzeDomain (334ms)
			TypeCache.Refresh (286ms)
				TypeCache.ScanAssembly (264ms)
			BuildScriptInfoCaches (36ms)
			ResolveRequiredComponents (7ms)
	FinalizeReload (1344ms)
		ReleaseScriptCaches (0ms)
		RebuildScriptCaches (0ms)
		SetupLoadedEditorAssemblies (941ms)
			LogAssemblyErrors (0ms)
			InitializePlatformSupportModulesInManaged (7ms)
			SetLoadedEditorAssemblies (7ms)
			BeforeProcessingInitializeOnLoad (140ms)
			ProcessInitializeOnLoadAttributes (740ms)
			ProcessInitializeOnLoadMethodAttributes (40ms)
			AfterProcessingInitializeOnLoad (6ms)
			EditorAssembliesLoaded (0ms)
		ExecutionOrderSort2 (0ms)
		AwakeInstancesAfterBackupRestoration (17ms)
Launched and connected shader compiler UnityShaderCompiler.exe after 0.04 seconds
Refreshing native plugins compatible for Editor in 0.53 ms, found 3 plugins.
Preloading 0 native plugins for Editor in 0.00 ms.
Unloading 22 Unused Serialized files (Serialized files now loaded: 0)
Unloading 3174 unused Assets / (67.3 MB). Loaded Objects now: 3778.
Memory consumption went from 315.6 MB to 248.3 MB.
Total: 17.554900 ms (FindLiveObjects: 0.428400 ms CreateObjectMapping: 0.612000 ms MarkObjects: 8.025100 ms  DeleteObjects: 8.488400 ms)

========================================================================
Received Import Request.
  Time since last request: 32417.483936 seconds.
  path: Assets/Source/Materials/SkyBox.mat
  artifactKey: Guid(97e31dc6380c92e458d07638c509013d) Importer(815301076,1909f56bfc062723c751e8b465ee728b)
Start importing Assets/Source/Materials/SkyBox.mat using Guid(97e31dc6380c92e458d07638c509013d) Importer(815301076,1909f56bfc062723c751e8b465ee728b) (PreviewImporter) -> (artifact id: '653867f4c9f25cc9badac0a27e2b7191') in 0.2305282 seconds
Number of updated asset objects reloaded before import = 0Number of asset objects unloaded after import = 1

========================================================================
Received Import Request.
  Time since last request: 6.352910 seconds.
  path: Assets/Source/Materials/SkyBox.mat.asset
  artifactKey: Guid(2188e1ec04368ac44ac1972284dc108b) Importer(815301076,1909f56bfc062723c751e8b465ee728b)
Start importing Assets/Source/Materials/SkyBox.mat.asset using Guid(2188e1ec04368ac44ac1972284dc108b) Importer(815301076,1909f56bfc062723c751e8b465ee728b) (PreviewImporter) -> (artifact id: '8835a1268fff12335d6c53c68b67a1f9') in 0.0024784 seconds
Number of updated asset objects reloaded before import = 0Number of asset objects unloaded after import = 1

========================================================================
Received Import Request.
  Time since last request: 181.675619 seconds.
  path: Assets/Source/Materials/SkyBox.mat.png
  artifactKey: Guid(a0cea68e798317a49843f9e5ade411bf) Importer(815301076,1909f56bfc062723c751e8b465ee728b)
Start importing Assets/Source/Materials/SkyBox.mat.png using Guid(a0cea68e798317a49843f9e5ade411bf) Importer(815301076,1909f56bfc062723c751e8b465ee728b) (PreviewImporter) -> (artifact id: '2526bee31dc6e5ea21dbf46325310997') in 0.0448046 seconds
Number of updated asset objects reloaded before import = 0Number of asset objects unloaded after import = 2

========================================================================
Received Import Request.
  Time since last request: 324.898912 seconds.
  path: Assets/Source/Materials/SkyBox.mat.png
  artifactKey: Guid(a0cea68e798317a49843f9e5ade411bf) Importer(815301076,1909f56bfc062723c751e8b465ee728b)
Start importing Assets/Source/Materials/SkyBox.mat.png using Guid(a0cea68e798317a49843f9e5ade411bf) Importer(815301076,1909f56bfc062723c751e8b465ee728b) (PreviewImporter) -> (artifact id: '3aba8de1c3e550305a402783bafd72fb') in 0.0176466 seconds
Number of updated asset objects reloaded before import = 0Number of asset objects unloaded after import = 2

========================================================================
Received Import Request.
  Time since last request: 37.587927 seconds.
  path: Assets/Source/Materials/SkyBox
  artifactKey: Guid(28066b1607fb4684d87c9c7be7b629d4) Importer(815301076,1909f56bfc062723c751e8b465ee728b)
Start importing Assets/Source/Materials/SkyBox using Guid(28066b1607fb4684d87c9c7be7b629d4) Importer(815301076,1909f56bfc062723c751e8b465ee728b) (PreviewImporter) -> (artifact id: '3e2e8c02310e633125985f316632574f') in 0.0006455 seconds
Number of updated asset objects reloaded before import = 0Number of asset objects unloaded after import = 0

========================================================================
Received Import Request.
  Time since last request: 44.589361 seconds.
  path: Assets/FlatKit/Demos/[Demo] Car/Car-Materials/Car-Materials-Set5/Car-Set5-CarBody-1.mat
  artifactKey: Guid(7a5d9c794f1aa483795f7422042e1c68) Importer(815301076,1909f56bfc062723c751e8b465ee728b)
Start importing Assets/FlatKit/Demos/[Demo] Car/Car-Materials/Car-Materials-Set5/Car-Set5-CarBody-1.mat using Guid(7a5d9c794f1aa483795f7422042e1c68) Importer(815301076,1909f56bfc062723c751e8b465ee728b) (PreviewImporter) -> (artifact id: '2a65be524a6bf69f98763025bb7d66b9') in 0.0365973 seconds
Number of updated asset objects reloaded before import = 0Number of asset objects unloaded after import = 1

========================================================================
Received Import Request.
  Time since last request: 0.000026 seconds.
  path: Assets/FlatKit/Demos/[Demo] Car/Car-Materials/Car-Materials-Set5/Car-Set5-CarBody-2.mat
  artifactKey: Guid(bb36b6b2f0f7544f38a1b7b4ade6144b) Importer(815301076,1909f56bfc062723c751e8b465ee728b)
Start importing Assets/FlatKit/Demos/[Demo] Car/Car-Materials/Car-Materials-Set5/Car-Set5-CarBody-2.mat using Guid(bb36b6b2f0f7544f38a1b7b4ade6144b) Importer(815301076,1909f56bfc062723c751e8b465ee728b) (PreviewImporter) -> (artifact id: '240b13eb026466ddc52452ae3af9e0eb') in 0.0185639 seconds
Number of updated asset objects reloaded before import = 0Number of asset objects unloaded after import = 1

========================================================================
Received Import Request.
  Time since last request: 19.350260 seconds.
  path: Assets/Source/Materials/Car-Set5-CarBody-2.mat
  artifactKey: Guid(9efb3e37bf3b52c428448a9d1ce39d4a) Importer(815301076,1909f56bfc062723c751e8b465ee728b)
Start importing Assets/Source/Materials/Car-Set5-CarBody-2.mat using Guid(9efb3e37bf3b52c428448a9d1ce39d4a) Importer(815301076,1909f56bfc062723c751e8b465ee728b) (PreviewImporter) -> (artifact id: '5eed303a54afe5585b07a5d546726ea9') in 0.0089052 seconds
Number of updated asset objects reloaded before import = 0Number of asset objects unloaded after import = 1

========================================================================
Received Import Request.
  Time since last request: 12.461285 seconds.
  path: Assets/Source/Materials/PushCubes.mat
  artifactKey: Guid(9efb3e37bf3b52c428448a9d1ce39d4a) Importer(815301076,1909f56bfc062723c751e8b465ee728b)
Start importing Assets/Source/Materials/PushCubes.mat using Guid(9efb3e37bf3b52c428448a9d1ce39d4a) Importer(815301076,1909f56bfc062723c751e8b465ee728b) (PreviewImporter) -> (artifact id: 'a28e04a9749ab7fcbd9435eda4d7c474') in 0.013214 seconds
Number of updated asset objects reloaded before import = 0Number of asset objects unloaded after import = 1

========================================================================
Received Import Request.
  Time since last request: 176.780736 seconds.
  path: Assets/FlatKit/Demos/[Demo] Car/Car-Materials/Car-Materials-Set1/Car-Set1-Car1Body.mat
  artifactKey: Guid(8f00bde2c4e76407f9e853cd7cba5c25) Importer(815301076,1909f56bfc062723c751e8b465ee728b)
Start importing Assets/FlatKit/Demos/[Demo] Car/Car-Materials/Car-Materials-Set1/Car-Set1-Car1Body.mat using Guid(8f00bde2c4e76407f9e853cd7cba5c25) Importer(815301076,1909f56bfc062723c751e8b465ee728b) (PreviewImporter) -> (artifact id: 'e1c9c310d5b3532a29e9b16e873fce30') in 0.0281402 seconds
Number of updated asset objects reloaded before import = 0Number of asset objects unloaded after import = 1

========================================================================
Received Import Request.
  Time since last request: 0.000021 seconds.
  path: Assets/FlatKit/Demos/[Demo] Car/Car-Materials/Car-Materials-Set1/Car-Set1-Car1Chrome2.mat
  artifactKey: Guid(7af8bb9140fc243589d384c6421d2510) Importer(815301076,1909f56bfc062723c751e8b465ee728b)
Start importing Assets/FlatKit/Demos/[Demo] Car/Car-Materials/Car-Materials-Set1/Car-Set1-Car1Chrome2.mat using Guid(7af8bb9140fc243589d384c6421d2510) Importer(815301076,1909f56bfc062723c751e8b465ee728b) (PreviewImporter) -> (artifact id: '090498bec2c10ae1923de4ff92d32d49') in 0.0149512 seconds
Number of updated asset objects reloaded before import = 0Number of asset objects unloaded after import = 1

========================================================================
Received Import Request.
  Time since last request: 0.000020 seconds.
  path: Assets/FlatKit/Demos/[Demo] Car/Car-Materials/Car-Materials-Set1/Car-Set1-Car3Body.mat
  artifactKey: Guid(1a5602b1bb62540499324bab7b9de1a0) Importer(815301076,1909f56bfc062723c751e8b465ee728b)
Start importing Assets/FlatKit/Demos/[Demo] Car/Car-Materials/Car-Materials-Set1/Car-Set1-Car3Body.mat using Guid(1a5602b1bb62540499324bab7b9de1a0) Importer(815301076,1909f56bfc062723c751e8b465ee728b) (PreviewImporter) -> (artifact id: '62913dbe4fa7f84f7013b7a05e6a205d') in 0.0216219 seconds
Number of updated asset objects reloaded before import = 0Number of asset objects unloaded after import = 1

========================================================================
Received Import Request.
  Time since last request: 0.000027 seconds.
  path: Assets/FlatKit/Demos/[Demo] Car/Car-Materials/Car-Materials-Set1/Car-Set1-Plane2.mat
  artifactKey: Guid(b2da8ee576f344749807e82e99bf8239) Importer(815301076,1909f56bfc062723c751e8b465ee728b)
Start importing Assets/FlatKit/Demos/[Demo] Car/Car-Materials/Car-Materials-Set1/Car-Set1-Plane2.mat using Guid(b2da8ee576f344749807e82e99bf8239) Importer(815301076,1909f56bfc062723c751e8b465ee728b) (PreviewImporter) -> (artifact id: '892b7156c023d1ee728ea1171e6cedfe') in 0.0260631 seconds
Number of updated asset objects reloaded before import = 0Number of asset objects unloaded after import = 1

========================================================================
Received Import Request.
  Time since last request: 0.000027 seconds.
  path: Assets/FlatKit/Demos/[Demo] Car/Car-Materials/Car-Materials-Set1/Car-Set1-Car1Hatch.mat
  artifactKey: Guid(02d647967c9044a10b8c17e7012bdb93) Importer(815301076,1909f56bfc062723c751e8b465ee728b)
Start importing Assets/FlatKit/Demos/[Demo] Car/Car-Materials/Car-Materials-Set1/Car-Set1-Car1Hatch.mat using Guid(02d647967c9044a10b8c17e7012bdb93) Importer(815301076,1909f56bfc062723c751e8b465ee728b) (PreviewImporter) -> (artifact id: '419452a07e351a397c6a31bd23dac154') in 0.0174095 seconds
Number of updated asset objects reloaded before import = 0Number of asset objects unloaded after import = 1

========================================================================
Received Import Request.
  Time since last request: 10.968194 seconds.
  path: Assets/FlatKit/Demos/[Demo] Car/Car-Materials/Car-Materials-Set2/Car-Set2-Car4Body-1.mat
  artifactKey: Guid(bcbc887a401b3411fb6cca34e86d33a8) Importer(815301076,1909f56bfc062723c751e8b465ee728b)
Start importing Assets/FlatKit/Demos/[Demo] Car/Car-Materials/Car-Materials-Set2/Car-Set2-Car4Body-1.mat using Guid(bcbc887a401b3411fb6cca34e86d33a8) Importer(815301076,1909f56bfc062723c751e8b465ee728b) (PreviewImporter) -> (artifact id: 'f259768357a94c96382107db06329a22') in 0.0183742 seconds
Number of updated asset objects reloaded before import = 0Number of asset objects unloaded after import = 1

========================================================================
Received Import Request.
  Time since last request: 2.756672 seconds.
  path: Assets/FlatKit/Demos/[Demo] Car/Car-Materials/Car-Materials-Set4/Car-Set4-Body1.mat
  artifactKey: Guid(feb9f756985704e9eb9b3f27d8d52723) Importer(815301076,1909f56bfc062723c751e8b465ee728b)
Start importing Assets/FlatKit/Demos/[Demo] Car/Car-Materials/Car-Materials-Set4/Car-Set4-Body1.mat using Guid(feb9f756985704e9eb9b3f27d8d52723) Importer(815301076,1909f56bfc062723c751e8b465ee728b) (PreviewImporter) -> (artifact id: 'aa146f54331ab9043aa41e1ef1e19829') in 0.0354852 seconds
Number of updated asset objects reloaded before import = 0Number of asset objects unloaded after import = 1

========================================================================
Received Import Request.
  Time since last request: 0.000032 seconds.
  path: Assets/FlatKit/Demos/[Demo] Car/Car-Materials/Car-Materials-Set4/Car-Set4-Body2.mat
  artifactKey: Guid(a0c632a6d41be47809d07163ebaf04a2) Importer(815301076,1909f56bfc062723c751e8b465ee728b)
Start importing Assets/FlatKit/Demos/[Demo] Car/Car-Materials/Car-Materials-Set4/Car-Set4-Body2.mat using Guid(a0c632a6d41be47809d07163ebaf04a2) Importer(815301076,1909f56bfc062723c751e8b465ee728b) (PreviewImporter) -> (artifact id: '612c698171043b2c0660ffa54ed2f8c9') in 0.0246475 seconds
Number of updated asset objects reloaded before import = 0Number of asset objects unloaded after import = 1

========================================================================
Received Import Request.
  Time since last request: 0.000020 seconds.
  path: Assets/FlatKit/Demos/[Demo] Car/Car-Materials/Car-Materials-Set4/Car-Set4-Plane 2.mat
  artifactKey: Guid(9316a15b4ba0b4f24b7c6ba705f05a42) Importer(815301076,1909f56bfc062723c751e8b465ee728b)
Start importing Assets/FlatKit/Demos/[Demo] Car/Car-Materials/Car-Materials-Set4/Car-Set4-Plane 2.mat using Guid(9316a15b4ba0b4f24b7c6ba705f05a42) Importer(815301076,1909f56bfc062723c751e8b465ee728b) (PreviewImporter) -> (artifact id: 'b76634c271bd322e19dddbcc7d0276a0') in 0.0143402 seconds
Number of updated asset objects reloaded before import = 0Number of asset objects unloaded after import = 1

========================================================================
Received Import Request.
  Time since last request: 19.814322 seconds.
  path: Assets/FlatKit/Demos/[Demo] Fruit Vase/FruitVase-Materials/FV-Scene 2 - Mode_Single/2-Grenade.mat
  artifactKey: Guid(1e713864208124b5890945e2967fd787) Importer(815301076,1909f56bfc062723c751e8b465ee728b)
Start importing Assets/FlatKit/Demos/[Demo] Fruit Vase/FruitVase-Materials/FV-Scene 2 - Mode_Single/2-Grenade.mat using Guid(1e713864208124b5890945e2967fd787) Importer(815301076,1909f56bfc062723c751e8b465ee728b) (PreviewImporter) -> (artifact id: '4405cd6a2ec348ec32ae0bce1a4058e4') in 0.0388669 seconds
Number of updated asset objects reloaded before import = 0Number of asset objects unloaded after import = 1

========================================================================
Received Import Request.
  Time since last request: 0.683888 seconds.
  path: Assets/FlatKit/Demos/[Demo] Fruit Vase/FruitVase-Materials/FV-Scene 3 - Mode_Steps-Toony/3-Banana.mat
  artifactKey: Guid(9d552e75b21724ee0ae4840788bdeb0c) Importer(815301076,1909f56bfc062723c751e8b465ee728b)
Start importing Assets/FlatKit/Demos/[Demo] Fruit Vase/FruitVase-Materials/FV-Scene 3 - Mode_Steps-Toony/3-Banana.mat using Guid(9d552e75b21724ee0ae4840788bdeb0c) Importer(815301076,1909f56bfc062723c751e8b465ee728b) (PreviewImporter) -> (artifact id: '2238e06b33feca192547e588a276c879') in 0.0501825 seconds
Number of updated asset objects reloaded before import = 0Number of asset objects unloaded after import = 2

========================================================================
Received Import Request.
  Time since last request: 11.157244 seconds.
  path: Assets/FlatKit/Demos/[Demo] Fruit Vase/FruitVase-Materials/FV-Scene 3 - Mode_Steps-Toony/FV-Scene-3-Ramps/3-Grenade_CelStepTexture-ramp.png
  artifactKey: Guid(737443e1f7a354825a5d9a42684293cc) Importer(815301076,1909f56bfc062723c751e8b465ee728b)
Start importing Assets/FlatKit/Demos/[Demo] Fruit Vase/FruitVase-Materials/FV-Scene 3 - Mode_Steps-Toony/FV-Scene-3-Ramps/3-Grenade_CelStepTexture-ramp.png using Guid(737443e1f7a354825a5d9a42684293cc) Importer(815301076,1909f56bfc062723c751e8b465ee728b) (PreviewImporter) -> (artifact id: '90200de938decefae5f5c6e09cac3576') in 0.0171897 seconds
Number of updated asset objects reloaded before import = 0Number of asset objects unloaded after import = 2

========================================================================
Received Import Request.
  Time since last request: 9.819408 seconds.
  path: Assets/Source/Materials/3-Grenade.mat
  artifactKey: Guid(eb8feecaf880ee2418413ae7757d2f32) Importer(815301076,1909f56bfc062723c751e8b465ee728b)
Start importing Assets/Source/Materials/3-Grenade.mat using Guid(eb8feecaf880ee2418413ae7757d2f32) Importer(815301076,1909f56bfc062723c751e8b465ee728b) (PreviewImporter) -> (artifact id: 'bad6d44391ee2fa3ecad1c1a69daae95') in 0.0213348 seconds
Number of updated asset objects reloaded before import = 0Number of asset objects unloaded after import = 2

========================================================================
Received Import Request.
  Time since last request: 0.000019 seconds.
  path: Assets/Source/Materials/PushCubes.mat
  artifactKey: Guid(9efb3e37bf3b52c428448a9d1ce39d4a) Importer(815301076,1909f56bfc062723c751e8b465ee728b)
Start importing Assets/Source/Materials/PushCubes.mat using Guid(9efb3e37bf3b52c428448a9d1ce39d4a) Importer(815301076,1909f56bfc062723c751e8b465ee728b) (PreviewImporter) -> (artifact id: 'f4df1132747a1f0f0a6e62aff1ca901b') in 0.0167071 seconds
Number of updated asset objects reloaded before import = 0Number of asset objects unloaded after import = 1

========================================================================
Received Import Request.
  Time since last request: 289.125013 seconds.
  path: Assets/Source/Materials/3-Grenade.mat
  artifactKey: Guid(eb8feecaf880ee2418413ae7757d2f32) Importer(815301076,1909f56bfc062723c751e8b465ee728b)
Start importing Assets/Source/Materials/3-Grenade.mat using Guid(eb8feecaf880ee2418413ae7757d2f32) Importer(815301076,1909f56bfc062723c751e8b465ee728b) (PreviewImporter) -> (artifact id: '115ea69216783b4cfda28943069e7ac0') in 0.0275901 seconds
Number of updated asset objects reloaded before import = 0Number of asset objects unloaded after import = 2

========================================================================
Received Import Request.
  Time since last request: 2.469605 seconds.
  path: Assets/Source/Materials/SkyBox/SkyBox.mat
  artifactKey: Guid(97e31dc6380c92e458d07638c509013d) Importer(815301076,1909f56bfc062723c751e8b465ee728b)
Start importing Assets/Source/Materials/SkyBox/SkyBox.mat using Guid(97e31dc6380c92e458d07638c509013d) Importer(815301076,1909f56bfc062723c751e8b465ee728b) (PreviewImporter) -> (artifact id: 'dbf75aca28dcffecb379990420d21b71') in 0.0186261 seconds
Number of updated asset objects reloaded before import = 0Number of asset objects unloaded after import = 2

========================================================================
Received Import Request.
  Time since last request: 0.000025 seconds.
  path: Assets/Source/Materials/SkyBox/SkyBox.mat.asset
  artifactKey: Guid(2188e1ec04368ac44ac1972284dc108b) Importer(815301076,1909f56bfc062723c751e8b465ee728b)
Start importing Assets/Source/Materials/SkyBox/SkyBox.mat.asset using Guid(2188e1ec04368ac44ac1972284dc108b) Importer(815301076,1909f56bfc062723c751e8b465ee728b) (PreviewImporter) -> (artifact id: '3c696ae45454e5d2c9ef2f4d569acfc7') in 0.0012902 seconds
Number of updated asset objects reloaded before import = 0Number of asset objects unloaded after import = 1

========================================================================
Received Import Request.
  Time since last request: 139.168904 seconds.
  path: Assets/Source/Fonts
  artifactKey: Guid(7bb3bc1656b566c409b8483c007f9f01) Importer(815301076,1909f56bfc062723c751e8b465ee728b)
Start importing Assets/Source/Fonts using Guid(7bb3bc1656b566c409b8483c007f9f01) Importer(815301076,1909f56bfc062723c751e8b465ee728b) (PreviewImporter) -> (artifact id: 'dd51ad144352542b8eba1def197b98b3') in 0.0006511 seconds
Number of updated asset objects reloaded before import = 0Number of asset objects unloaded after import = 0

========================================================================
Received Import Request.
  Time since last request: 15.470716 seconds.
  path: Assets/Source/Fonts/EpilepsySans.ttf
  artifactKey: Guid(7ea1b40487552be4283477649037e733) Importer(815301076,1909f56bfc062723c751e8b465ee728b)
Start importing Assets/Source/Fonts/EpilepsySans.ttf using Guid(7ea1b40487552be4283477649037e733) Importer(815301076,1909f56bfc062723c751e8b465ee728b) (PreviewImporter) -> (artifact id: '852c3bab795de621fb5fa6f03540e2b5') in 0.0295535 seconds
Number of updated asset objects reloaded before import = 0Number of asset objects unloaded after import = 4

========================================================================
Received Import Request.
  Time since last request: 0.000029 seconds.
  path: Assets/Source/Fonts/EpilepsySansBold.ttf
  artifactKey: Guid(f6e02760d9d60eb41867d8bfbe587775) Importer(815301076,1909f56bfc062723c751e8b465ee728b)
Start importing Assets/Source/Fonts/EpilepsySansBold.ttf using Guid(f6e02760d9d60eb41867d8bfbe587775) Importer(815301076,1909f56bfc062723c751e8b465ee728b) (PreviewImporter) -> (artifact id: '098b4b599d57658fb0873bdb1cf43b2f') in 0.0158436 seconds
Number of updated asset objects reloaded before import = 0Number of asset objects unloaded after import = 4

========================================================================
Received Import Request.
  Time since last request: 36.894825 seconds.
  path: Assets/Source/Fonts/EpilepsySansBold SDF.asset
  artifactKey: Guid(3c5a3cafed6dfb74da91d8b6486a64b0) Importer(815301076,1909f56bfc062723c751e8b465ee728b)
Start importing Assets/Source/Fonts/EpilepsySansBold SDF.asset using Guid(3c5a3cafed6dfb74da91d8b6486a64b0) Importer(815301076,1909f56bfc062723c751e8b465ee728b) (PreviewImporter)Shader 'TextMeshPro/Distance Field': fallback shader 'TextMeshPro/Mobile/Distance Field' not found
 -> (artifact id: '315d9550f9dd55849284b670142d404e') in 0.1053361 seconds
Number of updated asset objects reloaded before import = 0Number of asset objects unloaded after import = 7

========================================================================
Received Import Request.
  Time since last request: 7.508188 seconds.
  path: Assets/Source/Fonts/EpilepsySans SDF.asset
  artifactKey: Guid(5d3e069e6819a3a4a9f537a65b90fccb) Importer(815301076,1909f56bfc062723c751e8b465ee728b)
Start importing Assets/Source/Fonts/EpilepsySans SDF.asset using Guid(5d3e069e6819a3a4a9f537a65b90fccb) Importer(815301076,1909f56bfc062723c751e8b465ee728b) (PreviewImporter)Shader 'TextMeshPro/Distance Field': fallback shader 'TextMeshPro/Mobile/Distance Field' not found
 -> (artifact id: 'fc01a6eca0b7e5aa54099bde0e9043af') in 0.024994 seconds
Number of updated asset objects reloaded before import = 0Number of asset objects unloaded after import = 7

========================================================================
Received Import Request.
  Time since last request: 119.060272 seconds.
  path: Assets/Source/Fonts/EpilepsySans SDF.asset
  artifactKey: Guid(5d3e069e6819a3a4a9f537a65b90fccb) Importer(815301076,1909f56bfc062723c751e8b465ee728b)
Start importing Assets/Source/Fonts/EpilepsySans SDF.asset using Guid(5d3e069e6819a3a4a9f537a65b90fccb) Importer(815301076,1909f56bfc062723c751e8b465ee728b) (PreviewImporter)Shader 'TextMeshPro/Distance Field': fallback shader 'TextMeshPro/Mobile/Distance Field' not found
 -> (artifact id: 'b34773a6f88f737d796fc8c8a97481ef') in 0.0537799 seconds
Number of updated asset objects reloaded before import = 0Number of asset objects unloaded after import = 7

========================================================================
Received Import Request.
  Time since last request: 0.000025 seconds.
  path: Assets/Source/Fonts/EpilepsySansBold SDF.asset
  artifactKey: Guid(3c5a3cafed6dfb74da91d8b6486a64b0) Importer(815301076,1909f56bfc062723c751e8b465ee728b)
Start importing Assets/Source/Fonts/EpilepsySansBold SDF.asset using Guid(3c5a3cafed6dfb74da91d8b6486a64b0) Importer(815301076,1909f56bfc062723c751e8b465ee728b) (PreviewImporter)Shader 'TextMeshPro/Distance Field': fallback shader 'TextMeshPro/Mobile/Distance Field' not found
 -> (artifact id: 'f8670a0cc58ecc32c66f5fde34dd3ae6') in 0.0485463 seconds
Number of updated asset objects reloaded before import = 0Number of asset objects unloaded after import = 7

========================================================================
Received Import Request.
  Time since last request: 291.767933 seconds.
  path: Assets/TextMesh Pro/Resources/Fonts & Materials/LiberationSans SDF.asset
  artifactKey: Guid(8f586378b4e144a9851e7b34d9b748ee) Importer(815301076,1909f56bfc062723c751e8b465ee728b)
Start importing Assets/TextMesh Pro/Resources/Fonts & Materials/LiberationSans SDF.asset using Guid(8f586378b4e144a9851e7b34d9b748ee) Importer(815301076,1909f56bfc062723c751e8b465ee728b) (PreviewImporter) -> (artifact id: 'c1a74385a880c40dca949c3d35992920') in 0.099096 seconds
Number of updated asset objects reloaded before import = 0Number of asset objects unloaded after import = 10

========================================================================
Received Import Request.
  Time since last request: 0.000020 seconds.
  path: Assets/TextMesh Pro/Resources/Fonts & Materials/LiberationSans SDF - Fallback.asset
  artifactKey: Guid(2e498d1c8094910479dc3e1b768306a4) Importer(815301076,1909f56bfc062723c751e8b465ee728b)
Start importing Assets/TextMesh Pro/Resources/Fonts & Materials/LiberationSans SDF - Fallback.asset using Guid(2e498d1c8094910479dc3e1b768306a4) Importer(815301076,1909f56bfc062723c751e8b465ee728b) (PreviewImporter) -> (artifact id: '507186e436703be2ee30174468941140') in 0.0258777 seconds
Number of updated asset objects reloaded before import = 0Number of asset objects unloaded after import = 7

========================================================================
Received Import Request.
  Time since last request: 408.859807 seconds.
  path: Assets/Source/Sprites
  artifactKey: Guid(eb56d205c28485a43a4f294727c26429) Importer(815301076,1909f56bfc062723c751e8b465ee728b)
Start importing Assets/Source/Sprites using Guid(eb56d205c28485a43a4f294727c26429) Importer(815301076,1909f56bfc062723c751e8b465ee728b) (PreviewImporter) -> (artifact id: '47ecbca7538cb45235ef87c7227b8b6b') in 0.0013654 seconds
Number of updated asset objects reloaded before import = 0Number of asset objects unloaded after import = 0

========================================================================
Received Import Request.
  Time since last request: 6.531991 seconds.
  path: Assets/Source/Sprites/restart.png
  artifactKey: Guid(e81797307ea51da40a6952fc8b3be687) Importer(815301076,1909f56bfc062723c751e8b465ee728b)
Start importing Assets/Source/Sprites/restart.png using Guid(e81797307ea51da40a6952fc8b3be687) Importer(815301076,1909f56bfc062723c751e8b465ee728b) (PreviewImporter) -> (artifact id: '5e6bb4b43839be2f60ca3fc234f14df9') in 0.0261861 seconds
Number of updated asset objects reloaded before import = 0Number of asset objects unloaded after import = 2

========================================================================
Received Import Request.
  Time since last request: 4.051655 seconds.
  path: Assets/Source/Sprites/restart.png
  artifactKey: Guid(e81797307ea51da40a6952fc8b3be687) Importer(815301076,1909f56bfc062723c751e8b465ee728b)
Start importing Assets/Source/Sprites/restart.png using Guid(e81797307ea51da40a6952fc8b3be687) Importer(815301076,1909f56bfc062723c751e8b465ee728b) (PreviewImporter) -> (artifact id: 'b2bc47773fbc37e55fc51a50a8247527') in 0.0196919 seconds
Number of updated asset objects reloaded before import = 0Number of asset objects unloaded after import = 2

========================================================================
Received Import Request.
  Time since last request: 46.543057 seconds.
  path: Assets/Epic Toon FX/Demo/Textures/devsprite.png
  artifactKey: Guid(c1e3ddf20be295e4cb3a38f57f18680a) Importer(815301076,1909f56bfc062723c751e8b465ee728b)
Start importing Assets/Epic Toon FX/Demo/Textures/devsprite.png using Guid(c1e3ddf20be295e4cb3a38f57f18680a) Importer(815301076,1909f56bfc062723c751e8b465ee728b) (PreviewImporter) -> (artifact id: 'badaf0cb6b8f7dcf027f821bc1f44e0c') in 0.0595649 seconds
Number of updated asset objects reloaded before import = 0Number of asset objects unloaded after import = 3

========================================================================
Received Import Request.
  Time since last request: 0.000019 seconds.
  path: Assets/Epic Toon FX/Demo/Textures/devsprite_small.png
  artifactKey: Guid(1b11d80e568a47143a1865eb7ae8976e) Importer(815301076,1909f56bfc062723c751e8b465ee728b)
Start importing Assets/Epic Toon FX/Demo/Textures/devsprite_small.png using Guid(1b11d80e568a47143a1865eb7ae8976e) Importer(815301076,1909f56bfc062723c751e8b465ee728b) (PreviewImporter) -> (artifact id: '431685c0394b28bdfb542cf27535c942') in 0.0230084 seconds
Number of updated asset objects reloaded before import = 0Number of asset objects unloaded after import = 3

========================================================================
Received Prepare
Begin MonoManager ReloadAssembly
C:\build\output\Unity-Technologies\mono\mono\metadata\icall.c:1842:
C:\build\output\Unity-Technologies\mono\mono\metadata\icall.c:1842:
C:\build\output\Unity-Technologies\mono\mono\metadata\icall.c:1842:
C:\build\output\Unity-Technologies\mono\mono\metadata\icall.c:1842:
C:\build\output\Unity-Technologies\mono\mono\metadata\icall.c:1842:
C:\build\output\Unity-Technologies\mono\mono\metadata\icall.c:1842:
C:\build\output\Unity-Technologies\mono\mono\metadata\icall.c:1842:
C:\build\output\Unity-Technologies\mono\mono\metadata\icall.c:1842:
C:\build\output\Unity-Technologies\mono\mono\metadata\icall.c:1842:
C:\build\output\Unity-Technologies\mono\mono\metadata\icall.c:1842:
C:\build\output\Unity-Technologies\mono\mono\metadata\icall.c:1842:
C:\build\output\Unity-Technologies\mono\mono\metadata\icall.c:1842:
Symbol file LoadedFromMemory doesn't match image D:\GitHub\DoubleWay\DoubleWay\Library\PackageCache\com.unity.visualscripting@1.8.0\Editor\VisualScripting.Core\Dependencies\YamlDotNet\Unity.VisualScripting.YamlDotNet.dll
Symbol file LoadedFromMemory doesn't match image D:\GitHub\DoubleWay\DoubleWay\Library\PackageCache\com.unity.visualscripting@1.8.0\Editor\VisualScripting.Core\Dependencies\DotNetZip\Unity.VisualScripting.IonicZip.dll
- Loaded All Assemblies, in  0.863 seconds
Refreshing native plugins compatible for Editor in 0.51 ms, found 3 plugins.
Native extension for WindowsStandalone target not found
Native extension for WebGL target not found
Mono: successfully reloaded assembly
- Finished resetting the current domain, in  0.683 seconds
Domain Reload Profiling: 1547ms
	BeginReloadAssembly (278ms)
		ExecutionOrderSort (0ms)
		DisableScriptedObjects (7ms)
		BackupInstance (0ms)
		ReleaseScriptingObjects (0ms)
		CreateAndSetChildDomain (62ms)
	RebuildCommonClasses (50ms)
	RebuildNativeTypeToScriptingClass (20ms)
	initialDomainReloadingComplete (43ms)
	LoadAllAssembliesAndSetupDomain (473ms)
		LoadAssemblies (444ms)
		RebuildTransferFunctionScriptingTraits (0ms)
		AnalyzeDomain (192ms)
			TypeCache.Refresh (22ms)
				TypeCache.ScanAssembly (4ms)
			BuildScriptInfoCaches (159ms)
			ResolveRequiredComponents (6ms)
	FinalizeReload (683ms)
		ReleaseScriptCaches (0ms)
		RebuildScriptCaches (0ms)
		SetupLoadedEditorAssemblies (421ms)
			LogAssemblyErrors (0ms)
			InitializePlatformSupportModulesInManaged (3ms)
			SetLoadedEditorAssemblies (5ms)
			BeforeProcessingInitializeOnLoad (42ms)
			ProcessInitializeOnLoadAttributes (341ms)
			ProcessInitializeOnLoadMethodAttributes (24ms)
			AfterProcessingInitializeOnLoad (5ms)
			EditorAssembliesLoaded (0ms)
		ExecutionOrderSort2 (0ms)
		AwakeInstancesAfterBackupRestoration (11ms)
Refreshing native plugins compatible for Editor in 0.55 ms, found 3 plugins.
Preloading 0 native plugins for Editor in 0.00 ms.
Unloading 16 Unused Serialized files (Serialized files now loaded: 0)
Unloading 3221 unused Assets / (68.2 MB). Loaded Objects now: 3868.
Memory consumption went from 318.2 MB to 250.0 MB.
Total: 11.459800 ms (FindLiveObjects: 0.422900 ms CreateObjectMapping: 0.247800 ms MarkObjects: 4.185400 ms  DeleteObjects: 6.602500 ms)

Prepare: number of updated asset objects reloaded= 0
========================================================================
Received Import Request.
  Time since last request: 78.851430 seconds.
  path: Assets/Source/Sprites/restart.png
  artifactKey: Guid(e81797307ea51da40a6952fc8b3be687) Importer(815301076,1909f56bfc062723c751e8b465ee728b)
Start importing Assets/Source/Sprites/restart.png using Guid(e81797307ea51da40a6952fc8b3be687) Importer(815301076,1909f56bfc062723c751e8b465ee728b) (PreviewImporter) -> (artifact id: 'ab3029605ec42663f7f2e69a1d20ddaa') in 0.1205825 seconds
Number of updated asset objects reloaded before import = 0Number of asset objects unloaded after import = 3

========================================================================
Received Import Request.
  Time since last request: 31.885620 seconds.
  path: Assets/Source/Sprites/restart.png
  artifactKey: Guid(e81797307ea51da40a6952fc8b3be687) Importer(815301076,1909f56bfc062723c751e8b465ee728b)
Start importing Assets/Source/Sprites/restart.png using Guid(e81797307ea51da40a6952fc8b3be687) Importer(815301076,1909f56bfc062723c751e8b465ee728b) (PreviewImporter) -> (artifact id: '1a4dd009cf36a24200ad7ec0402ed1ea') in 0.016508 seconds
Number of updated asset objects reloaded before import = 0Number of asset objects unloaded after import = 2

========================================================================
Received Import Request.
  Time since last request: 6.549433 seconds.
  path: Assets/Source/Sprites/restart.png
  artifactKey: Guid(e81797307ea51da40a6952fc8b3be687) Importer(815301076,1909f56bfc062723c751e8b465ee728b)
Start importing Assets/Source/Sprites/restart.png using Guid(e81797307ea51da40a6952fc8b3be687) Importer(815301076,1909f56bfc062723c751e8b465ee728b) (PreviewImporter) -> (artifact id: '6cb80b0f30af3210b2d58ed4dc671800') in 0.014902 seconds
Number of updated asset objects reloaded before import = 0Number of asset objects unloaded after import = 2

========================================================================
Received Import Request.
  Time since last request: 12.522172 seconds.
  path: Assets/Source/Sprites/restart.png
  artifactKey: Guid(e81797307ea51da40a6952fc8b3be687) Importer(815301076,1909f56bfc062723c751e8b465ee728b)
Start importing Assets/Source/Sprites/restart.png using Guid(e81797307ea51da40a6952fc8b3be687) Importer(815301076,1909f56bfc062723c751e8b465ee728b) (PreviewImporter) -> (artifact id: 'd2fcc1e1f279a1bc5b5f68d85bcfab7e') in 0.0078432 seconds
Number of updated asset objects reloaded before import = 0Number of asset objects unloaded after import = 2

